2021-12-01 09:51:47.004  INFO 18520 --- [main] c.c.c.ConfigServicePropertySourceLocator : Fetching config from server at : http://localhost:8888
2021-12-01 09:51:47.159  INFO 18520 --- [main] c.c.c.ConfigServicePropertySourceLocator : Connect Timeout Exception on Url - http://localhost:8888. Will be trying the next url if available
2021-12-01 09:51:47.160  WARN 18520 --- [main] c.c.c.ConfigServicePropertySourceLocator : Could not locate PropertySource: I/O error on GET request for "http://localhost:8888/resource-mngt-service/default": Connection refused: no further information; nested exception is java.net.ConnectException: Connection refused: no further information
2021-12-01 09:51:47.163  INFO 18520 --- [main] org.arm.resource.mngt.ArmRMSApplication  : The following profiles are active: dev
2021-12-01 09:51:47.948  INFO 18520 --- [main] .s.d.r.c.RepositoryConfigurationDelegate : Bootstrapping Spring Data JPA repositories in DEFAULT mode.
2021-12-01 09:51:48.245  INFO 18520 --- [main] .s.d.r.c.RepositoryConfigurationDelegate : Finished Spring Data repository scanning in 285 ms. Found 4 JPA repository interfaces.
2021-12-01 09:51:48.547  INFO 18520 --- [main] o.s.cloud.context.scope.GenericScope     : BeanFactory id=1af2baaf-df53-35c1-981c-bbc28dce3da8
2021-12-01 09:51:49.110  INFO 18520 --- [main] o.s.b.w.embedded.tomcat.TomcatWebServer  : Tomcat initialized with port(s): 8000 (http)
2021-12-01 09:51:49.124  INFO 18520 --- [main] o.apache.catalina.core.StandardService   : Starting service [Tomcat]
2021-12-01 09:51:49.125  INFO 18520 --- [main] org.apache.catalina.core.StandardEngine  : Starting Servlet engine: [Apache Tomcat/9.0.52]
2021-12-01 09:51:49.347  INFO 18520 --- [main] o.a.c.c.C.[Tomcat].[localhost].[/]       : Initializing Spring embedded WebApplicationContext
2021-12-01 09:51:49.348  INFO 18520 --- [main] w.s.c.ServletWebServerApplicationContext : Root WebApplicationContext: initialization completed in 2165 ms
2021-12-01 09:51:49.548  INFO 18520 --- [main] o.f.c.internal.license.VersionPrinter    : Flyway Community Edition 7.7.3 by Redgate
2021-12-01 09:51:49.564  INFO 18520 --- [main] com.zaxxer.hikari.HikariDataSource       : HikariPool-1 - Starting...
2021-12-01 09:51:50.089  INFO 18520 --- [main] com.zaxxer.hikari.HikariDataSource       : HikariPool-1 - Start completed.
2021-12-01 09:51:50.172  INFO 18520 --- [main] o.f.c.i.database.base.DatabaseType       : Database: jdbc:mysql://localhost:3306/arm (MySQL 8.0)
2021-12-01 09:51:50.291  INFO 18520 --- [main] o.f.core.internal.command.DbValidate     : Successfully validated 15 migrations (execution time 00:00.064s)
2021-12-01 09:51:50.312  INFO 18520 --- [main] o.f.core.internal.command.DbMigrate      : Current version of schema `arm`: 1.2.4
2021-12-01 09:51:50.314  INFO 18520 --- [main] o.f.core.internal.command.DbMigrate      : Schema `arm` is up to date. No migration necessary.
2021-12-01 09:51:50.451  INFO 18520 --- [main] o.hibernate.jpa.internal.util.LogHelper  : HHH000204: Processing PersistenceUnitInfo [name: default]
2021-12-01 09:51:50.565  INFO 18520 --- [main] org.hibernate.Version                    : HHH000412: Hibernate ORM core version 5.4.32.Final
2021-12-01 09:51:50.817  INFO 18520 --- [main] o.hibernate.annotations.common.Version   : HCANN000001: Hibernate Commons Annotations {5.1.2.Final}
2021-12-01 09:51:51.075  INFO 18520 --- [main] org.hibernate.dialect.Dialect            : HHH000400: Using dialect: org.hibernate.dialect.MySQLDialect
2021-12-01 09:51:52.348  INFO 18520 --- [main] o.h.e.t.j.p.i.JtaPlatformInitiator       : HHH000490: Using JtaPlatform implementation: [org.hibernate.engine.transaction.jta.platform.internal.NoJtaPlatform]
2021-12-01 09:51:52.359  INFO 18520 --- [main] j.LocalContainerEntityManagerFactoryBean : Initialized JPA EntityManagerFactory for persistence unit 'default'
2021-12-01 09:51:53.030  WARN 18520 --- [main] JpaBaseConfiguration$JpaWebConfiguration : spring.jpa.open-in-view is enabled by default. Therefore, database queries may be performed during view rendering. Explicitly configure spring.jpa.open-in-view to disable this warning
2021-12-01 09:51:53.586  INFO 18520 --- [main] DiscoveryClientOptionalArgsConfiguration : Eureka HTTP Client uses RestTemplate.
2021-12-01 09:51:53.677  WARN 18520 --- [main] iguration$LoadBalancerCaffeineWarnLogger : Spring Cloud LoadBalancer is currently working with the default cache. You can switch to using Caffeine cache, by adding it and org.springframework.cache.caffeine.CaffeineCacheManager to the classpath.
2021-12-01 09:51:53.740  INFO 18520 --- [main] o.s.b.w.embedded.tomcat.TomcatWebServer  : Tomcat started on port(s): 8000 (http) with context path ''
2021-12-01 09:51:53.897  INFO 18520 --- [main] org.arm.resource.mngt.ArmRMSApplication  : Started ArmRMSApplication in 8.835 seconds (JVM running for 9.691)
2021-12-01 09:52:33.219  INFO 18520 --- [http-nio-8000-exec-2] o.a.c.c.C.[Tomcat].[localhost].[/]       : Initializing Spring DispatcherServlet 'dispatcherServlet'
2021-12-01 09:52:33.220  INFO 18520 --- [http-nio-8000-exec-2] o.s.web.servlet.DispatcherServlet        : Initializing Servlet 'dispatcherServlet'
2021-12-01 09:52:33.221  INFO 18520 --- [http-nio-8000-exec-2] o.s.web.servlet.DispatcherServlet        : Completed initialization in 1 ms
2021-12-01 09:52:33.251  INFO 18520 --- [http-nio-8000-exec-2] o.a.r.mngt.api.CampaignController        : All Campaign inside controller
2021-12-01 10:08:27.412  INFO 18520 --- [http-nio-8000-exec-4] o.a.r.mngt.api.CampaignController        : All Campaign inside controller
2021-12-01 10:08:27.459  INFO 18520 --- [http-nio-8000-exec-4] org.dozer.config.GlobalSettings          : Trying to find Dozer configuration file: dozer.properties
2021-12-01 10:08:27.481  WARN 18520 --- [http-nio-8000-exec-4] org.dozer.config.GlobalSettings          : Dozer configuration file not found: dozer.properties.  Using defaults for all Dozer global properties.
2021-12-01 10:08:27.488  INFO 18520 --- [http-nio-8000-exec-4] org.dozer.DozerInitializer               : Initializing Dozer. Version: 5.5.0, Thread Name: http-nio-8000-exec-4
2021-12-01 10:08:27.629  INFO 18520 --- [http-nio-8000-exec-4] org.dozer.jmx.JMXPlatformImpl            : Dozer JMX MBean [org.dozer.jmx:type=DozerStatisticsController] auto registered with the Platform MBean Server
2021-12-01 10:08:27.631  INFO 18520 --- [http-nio-8000-exec-4] org.dozer.jmx.JMXPlatformImpl            : Dozer JMX MBean [org.dozer.jmx:type=DozerAdminController] auto registered with the Platform MBean Server
2021-12-01 10:08:27.633  INFO 18520 --- [http-nio-8000-exec-4] org.dozer.DozerBeanMapper                : Initializing a new instance of dozer bean mapper.
2021-12-01 10:08:27.711  INFO 18520 --- [http-nio-8000-exec-4] org.dozer.DozerBeanMapper                : Using the following xml files to load custom mappings for the bean mapper instance: [mapping\mapper.xml]
2021-12-01 10:08:27.711  INFO 18520 --- [http-nio-8000-exec-4] org.dozer.DozerBeanMapper                : Trying to find xml mapping file: mapping\mapper.xml
2021-12-01 10:08:27.714  INFO 18520 --- [http-nio-8000-exec-4] org.dozer.DozerBeanMapper                : Using URL [file:/C:/Users/TharunyaREDDY/training/ARM/acheron-resource-management/arm-resource-mngt-service/target/classes/mapping%5cmapper.xml] to load custom xml mappings
2021-12-01 10:08:27.917  INFO 18520 --- [http-nio-8000-exec-4] org.dozer.DozerBeanMapper                : Successfully loaded custom xml mappings from URL: [file:/C:/Users/TharunyaREDDY/training/ARM/acheron-resource-management/arm-resource-mngt-service/target/classes/mapping%5cmapper.xml]
2021-12-01 10:08:28.172  INFO 18520 --- [http-nio-8000-exec-4] org.dozer.DozerBeanMapper                : Initializing a new instance of dozer bean mapper.
2021-12-01 10:08:28.175  INFO 18520 --- [http-nio-8000-exec-4] org.dozer.DozerBeanMapper                : Using the following xml files to load custom mappings for the bean mapper instance: [mapping\mapper.xml]
2021-12-01 10:08:28.175  INFO 18520 --- [http-nio-8000-exec-4] org.dozer.DozerBeanMapper                : Trying to find xml mapping file: mapping\mapper.xml
2021-12-01 10:08:28.177  INFO 18520 --- [http-nio-8000-exec-4] org.dozer.DozerBeanMapper                : Using URL [file:/C:/Users/TharunyaREDDY/training/ARM/acheron-resource-management/arm-resource-mngt-service/target/classes/mapping%5cmapper.xml] to load custom xml mappings
2021-12-01 10:08:28.200  INFO 18520 --- [http-nio-8000-exec-4] org.dozer.DozerBeanMapper                : Successfully loaded custom xml mappings from URL: [file:/C:/Users/TharunyaREDDY/training/ARM/acheron-resource-management/arm-resource-mngt-service/target/classes/mapping%5cmapper.xml]
2021-12-01 10:09:23.690  INFO 18520 --- [http-nio-8000-exec-5] o.a.r.mngt.api.CampaignController        : All Campaign inside controller
2021-12-01 10:09:23.707  INFO 18520 --- [http-nio-8000-exec-5] org.dozer.DozerBeanMapper                : Initializing a new instance of dozer bean mapper.
2021-12-01 10:09:23.709  INFO 18520 --- [http-nio-8000-exec-5] org.dozer.DozerBeanMapper                : Using the following xml files to load custom mappings for the bean mapper instance: [mapping\mapper.xml]
2021-12-01 10:09:23.710  INFO 18520 --- [http-nio-8000-exec-5] org.dozer.DozerBeanMapper                : Trying to find xml mapping file: mapping\mapper.xml
2021-12-01 10:09:23.711  INFO 18520 --- [http-nio-8000-exec-5] org.dozer.DozerBeanMapper                : Using URL [file:/C:/Users/TharunyaREDDY/training/ARM/acheron-resource-management/arm-resource-mngt-service/target/classes/mapping%5cmapper.xml] to load custom xml mappings
2021-12-01 10:09:23.742  INFO 18520 --- [http-nio-8000-exec-5] org.dozer.DozerBeanMapper                : Successfully loaded custom xml mappings from URL: [file:/C:/Users/TharunyaREDDY/training/ARM/acheron-resource-management/arm-resource-mngt-service/target/classes/mapping%5cmapper.xml]
2021-12-01 10:09:23.795  INFO 18520 --- [http-nio-8000-exec-5] org.dozer.DozerBeanMapper                : Initializing a new instance of dozer bean mapper.
2021-12-01 10:09:23.799  INFO 18520 --- [http-nio-8000-exec-5] org.dozer.DozerBeanMapper                : Using the following xml files to load custom mappings for the bean mapper instance: [mapping\mapper.xml]
2021-12-01 10:09:23.800  INFO 18520 --- [http-nio-8000-exec-5] org.dozer.DozerBeanMapper                : Trying to find xml mapping file: mapping\mapper.xml
2021-12-01 10:09:23.801  INFO 18520 --- [http-nio-8000-exec-5] org.dozer.DozerBeanMapper                : Using URL [file:/C:/Users/TharunyaREDDY/training/ARM/acheron-resource-management/arm-resource-mngt-service/target/classes/mapping%5cmapper.xml] to load custom xml mappings
2021-12-01 10:09:23.827  INFO 18520 --- [http-nio-8000-exec-5] org.dozer.DozerBeanMapper                : Successfully loaded custom xml mappings from URL: [file:/C:/Users/TharunyaREDDY/training/ARM/acheron-resource-management/arm-resource-mngt-service/target/classes/mapping%5cmapper.xml]
2021-12-01 10:10:47.606  INFO 18520 --- [http-nio-8000-exec-6] o.a.r.mngt.api.CampaignController        : All Campaign inside controller
2021-12-01 10:10:47.622  INFO 18520 --- [http-nio-8000-exec-6] org.dozer.DozerBeanMapper                : Initializing a new instance of dozer bean mapper.
2021-12-01 10:10:47.625  INFO 18520 --- [http-nio-8000-exec-6] org.dozer.DozerBeanMapper                : Using the following xml files to load custom mappings for the bean mapper instance: [mapping\mapper.xml]
2021-12-01 10:10:47.625  INFO 18520 --- [http-nio-8000-exec-6] org.dozer.DozerBeanMapper                : Trying to find xml mapping file: mapping\mapper.xml
2021-12-01 10:10:47.627  INFO 18520 --- [http-nio-8000-exec-6] org.dozer.DozerBeanMapper                : Using URL [file:/C:/Users/TharunyaREDDY/training/ARM/acheron-resource-management/arm-resource-mngt-service/target/classes/mapping%5cmapper.xml] to load custom xml mappings
2021-12-01 10:10:47.656  INFO 18520 --- [http-nio-8000-exec-6] org.dozer.DozerBeanMapper                : Successfully loaded custom xml mappings from URL: [file:/C:/Users/TharunyaREDDY/training/ARM/acheron-resource-management/arm-resource-mngt-service/target/classes/mapping%5cmapper.xml]
2021-12-01 10:10:47.705  INFO 18520 --- [http-nio-8000-exec-6] org.dozer.DozerBeanMapper                : Initializing a new instance of dozer bean mapper.
2021-12-01 10:10:47.709  INFO 18520 --- [http-nio-8000-exec-6] org.dozer.DozerBeanMapper                : Using the following xml files to load custom mappings for the bean mapper instance: [mapping\mapper.xml]
2021-12-01 10:10:47.709  INFO 18520 --- [http-nio-8000-exec-6] org.dozer.DozerBeanMapper                : Trying to find xml mapping file: mapping\mapper.xml
2021-12-01 10:10:47.710  INFO 18520 --- [http-nio-8000-exec-6] org.dozer.DozerBeanMapper                : Using URL [file:/C:/Users/TharunyaREDDY/training/ARM/acheron-resource-management/arm-resource-mngt-service/target/classes/mapping%5cmapper.xml] to load custom xml mappings
2021-12-01 10:10:47.726  INFO 18520 --- [http-nio-8000-exec-6] org.dozer.DozerBeanMapper                : Successfully loaded custom xml mappings from URL: [file:/C:/Users/TharunyaREDDY/training/ARM/acheron-resource-management/arm-resource-mngt-service/target/classes/mapping%5cmapper.xml]
2021-12-01 10:11:59.443  INFO 18520 --- [http-nio-8000-exec-7] o.a.r.mngt.api.CampaignController        : All Campaign inside controller
2021-12-01 10:11:59.457  INFO 18520 --- [http-nio-8000-exec-7] org.dozer.DozerBeanMapper                : Initializing a new instance of dozer bean mapper.
2021-12-01 10:11:59.460  INFO 18520 --- [http-nio-8000-exec-7] org.dozer.DozerBeanMapper                : Using the following xml files to load custom mappings for the bean mapper instance: [mapping\mapper.xml]
2021-12-01 10:11:59.461  INFO 18520 --- [http-nio-8000-exec-7] org.dozer.DozerBeanMapper                : Trying to find xml mapping file: mapping\mapper.xml
2021-12-01 10:11:59.462  INFO 18520 --- [http-nio-8000-exec-7] org.dozer.DozerBeanMapper                : Using URL [file:/C:/Users/TharunyaREDDY/training/ARM/acheron-resource-management/arm-resource-mngt-service/target/classes/mapping%5cmapper.xml] to load custom xml mappings
2021-12-01 10:11:59.477  INFO 18520 --- [http-nio-8000-exec-7] org.dozer.DozerBeanMapper                : Successfully loaded custom xml mappings from URL: [file:/C:/Users/TharunyaREDDY/training/ARM/acheron-resource-management/arm-resource-mngt-service/target/classes/mapping%5cmapper.xml]
2021-12-01 10:11:59.514  INFO 18520 --- [http-nio-8000-exec-7] org.dozer.DozerBeanMapper                : Initializing a new instance of dozer bean mapper.
2021-12-01 10:11:59.517  INFO 18520 --- [http-nio-8000-exec-7] org.dozer.DozerBeanMapper                : Using the following xml files to load custom mappings for the bean mapper instance: [mapping\mapper.xml]
2021-12-01 10:11:59.518  INFO 18520 --- [http-nio-8000-exec-7] org.dozer.DozerBeanMapper                : Trying to find xml mapping file: mapping\mapper.xml
2021-12-01 10:11:59.520  INFO 18520 --- [http-nio-8000-exec-7] org.dozer.DozerBeanMapper                : Using URL [file:/C:/Users/TharunyaREDDY/training/ARM/acheron-resource-management/arm-resource-mngt-service/target/classes/mapping%5cmapper.xml] to load custom xml mappings
2021-12-01 10:11:59.532  INFO 18520 --- [http-nio-8000-exec-7] org.dozer.DozerBeanMapper                : Successfully loaded custom xml mappings from URL: [file:/C:/Users/TharunyaREDDY/training/ARM/acheron-resource-management/arm-resource-mngt-service/target/classes/mapping%5cmapper.xml]
2021-12-01 10:12:04.023  INFO 18520 --- [http-nio-8000-exec-8] o.a.r.mngt.api.CampaignController        : All Campaign inside controller
2021-12-01 10:12:04.033  INFO 18520 --- [http-nio-8000-exec-8] org.dozer.DozerBeanMapper                : Initializing a new instance of dozer bean mapper.
2021-12-01 10:12:04.035  INFO 18520 --- [http-nio-8000-exec-8] org.dozer.DozerBeanMapper                : Using the following xml files to load custom mappings for the bean mapper instance: [mapping\mapper.xml]
2021-12-01 10:12:04.035  INFO 18520 --- [http-nio-8000-exec-8] org.dozer.DozerBeanMapper                : Trying to find xml mapping file: mapping\mapper.xml
2021-12-01 10:12:04.036  INFO 18520 --- [http-nio-8000-exec-8] org.dozer.DozerBeanMapper                : Using URL [file:/C:/Users/TharunyaREDDY/training/ARM/acheron-resource-management/arm-resource-mngt-service/target/classes/mapping%5cmapper.xml] to load custom xml mappings
2021-12-01 10:12:04.049  INFO 18520 --- [http-nio-8000-exec-8] org.dozer.DozerBeanMapper                : Successfully loaded custom xml mappings from URL: [file:/C:/Users/TharunyaREDDY/training/ARM/acheron-resource-management/arm-resource-mngt-service/target/classes/mapping%5cmapper.xml]
2021-12-01 10:12:04.079  INFO 18520 --- [http-nio-8000-exec-8] org.dozer.DozerBeanMapper                : Initializing a new instance of dozer bean mapper.
2021-12-01 10:12:04.081  INFO 18520 --- [http-nio-8000-exec-8] org.dozer.DozerBeanMapper                : Using the following xml files to load custom mappings for the bean mapper instance: [mapping\mapper.xml]
2021-12-01 10:12:04.081  INFO 18520 --- [http-nio-8000-exec-8] org.dozer.DozerBeanMapper                : Trying to find xml mapping file: mapping\mapper.xml
2021-12-01 10:12:04.082  INFO 18520 --- [http-nio-8000-exec-8] org.dozer.DozerBeanMapper                : Using URL [file:/C:/Users/TharunyaREDDY/training/ARM/acheron-resource-management/arm-resource-mngt-service/target/classes/mapping%5cmapper.xml] to load custom xml mappings
2021-12-01 10:12:04.094  INFO 18520 --- [http-nio-8000-exec-8] org.dozer.DozerBeanMapper                : Successfully loaded custom xml mappings from URL: [file:/C:/Users/TharunyaREDDY/training/ARM/acheron-resource-management/arm-resource-mngt-service/target/classes/mapping%5cmapper.xml]
2021-12-01 10:13:35.211  INFO 18520 --- [http-nio-8000-exec-9] o.a.r.mngt.api.CampaignController        : All Campaign inside controller
2021-12-01 10:13:35.222  INFO 18520 --- [http-nio-8000-exec-9] org.dozer.DozerBeanMapper                : Initializing a new instance of dozer bean mapper.
2021-12-01 10:13:35.225  INFO 18520 --- [http-nio-8000-exec-9] org.dozer.DozerBeanMapper                : Using the following xml files to load custom mappings for the bean mapper instance: [mapping\mapper.xml]
2021-12-01 10:13:35.226  INFO 18520 --- [http-nio-8000-exec-9] org.dozer.DozerBeanMapper                : Trying to find xml mapping file: mapping\mapper.xml
2021-12-01 10:13:35.227  INFO 18520 --- [http-nio-8000-exec-9] org.dozer.DozerBeanMapper                : Using URL [file:/C:/Users/TharunyaREDDY/training/ARM/acheron-resource-management/arm-resource-mngt-service/target/classes/mapping%5cmapper.xml] to load custom xml mappings
2021-12-01 10:13:35.241  INFO 18520 --- [http-nio-8000-exec-9] org.dozer.DozerBeanMapper                : Successfully loaded custom xml mappings from URL: [file:/C:/Users/TharunyaREDDY/training/ARM/acheron-resource-management/arm-resource-mngt-service/target/classes/mapping%5cmapper.xml]
2021-12-01 10:13:35.267  INFO 18520 --- [http-nio-8000-exec-9] org.dozer.DozerBeanMapper                : Initializing a new instance of dozer bean mapper.
2021-12-01 10:13:35.270  INFO 18520 --- [http-nio-8000-exec-9] org.dozer.DozerBeanMapper                : Using the following xml files to load custom mappings for the bean mapper instance: [mapping\mapper.xml]
2021-12-01 10:13:35.273  INFO 18520 --- [http-nio-8000-exec-9] org.dozer.DozerBeanMapper                : Trying to find xml mapping file: mapping\mapper.xml
2021-12-01 10:13:35.274  INFO 18520 --- [http-nio-8000-exec-9] org.dozer.DozerBeanMapper                : Using URL [file:/C:/Users/TharunyaREDDY/training/ARM/acheron-resource-management/arm-resource-mngt-service/target/classes/mapping%5cmapper.xml] to load custom xml mappings
2021-12-01 10:13:35.289  INFO 18520 --- [http-nio-8000-exec-9] org.dozer.DozerBeanMapper                : Successfully loaded custom xml mappings from URL: [file:/C:/Users/TharunyaREDDY/training/ARM/acheron-resource-management/arm-resource-mngt-service/target/classes/mapping%5cmapper.xml]
2021-12-01 10:14:12.071  INFO 18520 --- [http-nio-8000-exec-10] o.a.r.mngt.api.CampaignController        : All Campaign inside controller
2021-12-01 10:14:12.083  INFO 18520 --- [http-nio-8000-exec-10] org.dozer.DozerBeanMapper                : Initializing a new instance of dozer bean mapper.
2021-12-01 10:14:12.086  INFO 18520 --- [http-nio-8000-exec-10] org.dozer.DozerBeanMapper                : Using the following xml files to load custom mappings for the bean mapper instance: [mapping\mapper.xml]
2021-12-01 10:14:12.086  INFO 18520 --- [http-nio-8000-exec-10] org.dozer.DozerBeanMapper                : Trying to find xml mapping file: mapping\mapper.xml
2021-12-01 10:14:12.087  INFO 18520 --- [http-nio-8000-exec-10] org.dozer.DozerBeanMapper                : Using URL [file:/C:/Users/TharunyaREDDY/training/ARM/acheron-resource-management/arm-resource-mngt-service/target/classes/mapping%5cmapper.xml] to load custom xml mappings
2021-12-01 10:14:12.096  INFO 18520 --- [http-nio-8000-exec-10] org.dozer.DozerBeanMapper                : Successfully loaded custom xml mappings from URL: [file:/C:/Users/TharunyaREDDY/training/ARM/acheron-resource-management/arm-resource-mngt-service/target/classes/mapping%5cmapper.xml]
2021-12-01 10:14:12.121  INFO 18520 --- [http-nio-8000-exec-10] org.dozer.DozerBeanMapper                : Initializing a new instance of dozer bean mapper.
2021-12-01 10:14:12.124  INFO 18520 --- [http-nio-8000-exec-10] org.dozer.DozerBeanMapper                : Using the following xml files to load custom mappings for the bean mapper instance: [mapping\mapper.xml]
2021-12-01 10:14:12.125  INFO 18520 --- [http-nio-8000-exec-10] org.dozer.DozerBeanMapper                : Trying to find xml mapping file: mapping\mapper.xml
2021-12-01 10:14:12.126  INFO 18520 --- [http-nio-8000-exec-10] org.dozer.DozerBeanMapper                : Using URL [file:/C:/Users/TharunyaREDDY/training/ARM/acheron-resource-management/arm-resource-mngt-service/target/classes/mapping%5cmapper.xml] to load custom xml mappings
2021-12-01 10:14:12.139  INFO 18520 --- [http-nio-8000-exec-10] org.dozer.DozerBeanMapper                : Successfully loaded custom xml mappings from URL: [file:/C:/Users/TharunyaREDDY/training/ARM/acheron-resource-management/arm-resource-mngt-service/target/classes/mapping%5cmapper.xml]
2021-12-01 10:14:36.350  INFO 18520 --- [http-nio-8000-exec-1] o.a.r.mngt.api.CampaignController        : All Campaign inside controller
2021-12-01 10:14:36.359  INFO 18520 --- [http-nio-8000-exec-1] org.dozer.DozerBeanMapper                : Initializing a new instance of dozer bean mapper.
2021-12-01 10:14:36.361  INFO 18520 --- [http-nio-8000-exec-1] org.dozer.DozerBeanMapper                : Using the following xml files to load custom mappings for the bean mapper instance: [mapping\mapper.xml]
2021-12-01 10:14:36.361  INFO 18520 --- [http-nio-8000-exec-1] org.dozer.DozerBeanMapper                : Trying to find xml mapping file: mapping\mapper.xml
2021-12-01 10:14:36.362  INFO 18520 --- [http-nio-8000-exec-1] org.dozer.DozerBeanMapper                : Using URL [file:/C:/Users/TharunyaREDDY/training/ARM/acheron-resource-management/arm-resource-mngt-service/target/classes/mapping%5cmapper.xml] to load custom xml mappings
2021-12-01 10:14:36.371  INFO 18520 --- [http-nio-8000-exec-1] org.dozer.DozerBeanMapper                : Successfully loaded custom xml mappings from URL: [file:/C:/Users/TharunyaREDDY/training/ARM/acheron-resource-management/arm-resource-mngt-service/target/classes/mapping%5cmapper.xml]
2021-12-01 10:14:36.396  INFO 18520 --- [http-nio-8000-exec-1] org.dozer.DozerBeanMapper                : Initializing a new instance of dozer bean mapper.
2021-12-01 10:14:36.399  INFO 18520 --- [http-nio-8000-exec-1] org.dozer.DozerBeanMapper                : Using the following xml files to load custom mappings for the bean mapper instance: [mapping\mapper.xml]
2021-12-01 10:14:36.399  INFO 18520 --- [http-nio-8000-exec-1] org.dozer.DozerBeanMapper                : Trying to find xml mapping file: mapping\mapper.xml
2021-12-01 10:14:36.401  INFO 18520 --- [http-nio-8000-exec-1] org.dozer.DozerBeanMapper                : Using URL [file:/C:/Users/TharunyaREDDY/training/ARM/acheron-resource-management/arm-resource-mngt-service/target/classes/mapping%5cmapper.xml] to load custom xml mappings
2021-12-01 10:14:36.413  INFO 18520 --- [http-nio-8000-exec-1] org.dozer.DozerBeanMapper                : Successfully loaded custom xml mappings from URL: [file:/C:/Users/TharunyaREDDY/training/ARM/acheron-resource-management/arm-resource-mngt-service/target/classes/mapping%5cmapper.xml]
2021-12-01 10:15:52.867  INFO 18520 --- [http-nio-8000-exec-2] o.a.r.mngt.api.CampaignController        : All Campaign inside controller
2021-12-01 10:15:52.876  INFO 18520 --- [http-nio-8000-exec-2] org.dozer.DozerBeanMapper                : Initializing a new instance of dozer bean mapper.
2021-12-01 10:15:52.879  INFO 18520 --- [http-nio-8000-exec-2] org.dozer.DozerBeanMapper                : Using the following xml files to load custom mappings for the bean mapper instance: [mapping\mapper.xml]
2021-12-01 10:15:52.879  INFO 18520 --- [http-nio-8000-exec-2] org.dozer.DozerBeanMapper                : Trying to find xml mapping file: mapping\mapper.xml
2021-12-01 10:15:52.880  INFO 18520 --- [http-nio-8000-exec-2] org.dozer.DozerBeanMapper                : Using URL [file:/C:/Users/TharunyaREDDY/training/ARM/acheron-resource-management/arm-resource-mngt-service/target/classes/mapping%5cmapper.xml] to load custom xml mappings
2021-12-01 10:15:52.890  INFO 18520 --- [http-nio-8000-exec-2] org.dozer.DozerBeanMapper                : Successfully loaded custom xml mappings from URL: [file:/C:/Users/TharunyaREDDY/training/ARM/acheron-resource-management/arm-resource-mngt-service/target/classes/mapping%5cmapper.xml]
2021-12-01 10:15:52.920  INFO 18520 --- [http-nio-8000-exec-2] org.dozer.DozerBeanMapper                : Initializing a new instance of dozer bean mapper.
2021-12-01 10:15:52.923  INFO 18520 --- [http-nio-8000-exec-2] org.dozer.DozerBeanMapper                : Using the following xml files to load custom mappings for the bean mapper instance: [mapping\mapper.xml]
2021-12-01 10:15:52.923  INFO 18520 --- [http-nio-8000-exec-2] org.dozer.DozerBeanMapper                : Trying to find xml mapping file: mapping\mapper.xml
2021-12-01 10:15:52.924  INFO 18520 --- [http-nio-8000-exec-2] org.dozer.DozerBeanMapper                : Using URL [file:/C:/Users/TharunyaREDDY/training/ARM/acheron-resource-management/arm-resource-mngt-service/target/classes/mapping%5cmapper.xml] to load custom xml mappings
2021-12-01 10:15:52.933  INFO 18520 --- [http-nio-8000-exec-2] org.dozer.DozerBeanMapper                : Successfully loaded custom xml mappings from URL: [file:/C:/Users/TharunyaREDDY/training/ARM/acheron-resource-management/arm-resource-mngt-service/target/classes/mapping%5cmapper.xml]
2021-12-01 10:56:34.368  WARN 18520 --- [HikariPool-1 housekeeper] com.zaxxer.hikari.pool.HikariPool        : HikariPool-1 - Thread starvation or clock leap detected (housekeeper delta=7m43s277ms501µs799ns).
2021-12-01 11:14:55.903  WARN 18520 --- [HikariPool-1 housekeeper] com.zaxxer.hikari.pool.HikariPool        : HikariPool-1 - Thread starvation or clock leap detected (housekeeper delta=5m21s318ms544µs601ns).
2021-12-01 11:35:20.841  WARN 18520 --- [HikariPool-1 housekeeper] com.zaxxer.hikari.pool.HikariPool        : HikariPool-1 - Thread starvation or clock leap detected (housekeeper delta=4m24s679ms635µs900ns).
2021-12-01 11:49:38.995  WARN 18520 --- [HikariPool-1 housekeeper] com.zaxxer.hikari.pool.HikariPool        : HikariPool-1 - Thread starvation or clock leap detected (housekeeper delta=3m47s980ms871µs501ns).
2021-12-01 12:30:28.971  WARN 18520 --- [HikariPool-1 housekeeper] com.zaxxer.hikari.pool.HikariPool        : HikariPool-1 - Thread starvation or clock leap detected (housekeeper delta=22m49s100ms131µs101ns).
2021-12-01 13:10:58.224  WARN 18520 --- [HikariPool-1 housekeeper] com.zaxxer.hikari.pool.HikariPool        : HikariPool-1 - Thread starvation or clock leap detected (housekeeper delta=36m59s210ms324µs300ns).
2021-12-01 13:26:30.689  WARN 18520 --- [HikariPool-1 housekeeper] com.zaxxer.hikari.pool.HikariPool        : HikariPool-1 - Thread starvation or clock leap detected (housekeeper delta=11m32s376ms97µs300ns).
2021-12-01 15:31:25.974  WARN 18520 --- [HikariPool-1 housekeeper] com.zaxxer.hikari.pool.HikariPool        : HikariPool-1 - Thread starvation or clock leap detected (housekeeper delta=2h55s225ms197µs501ns).
2021-12-01 15:42:59.615  WARN 18520 --- [HikariPool-1 housekeeper] com.zaxxer.hikari.pool.HikariPool        : HikariPool-1 - Thread starvation or clock leap detected (housekeeper delta=7m3s591ms175µs500ns).
2021-12-01 16:24:50.072  WARN 18520 --- [HikariPool-1 housekeeper] com.zaxxer.hikari.pool.HikariPool        : HikariPool-1 - Thread starvation or clock leap detected (housekeeper delta=4m49s924ms652µs400ns).
2021-12-01 16:40:40.632  WARN 18520 --- [HikariPool-1 housekeeper] com.zaxxer.hikari.pool.HikariPool        : HikariPool-1 - Thread starvation or clock leap detected (housekeeper delta=5m50s395ms235µs99ns).
2021-12-01 17:19:56.044  WARN 18520 --- [HikariPool-1 housekeeper] com.zaxxer.hikari.pool.HikariPool        : HikariPool-1 - Thread starvation or clock leap detected (housekeeper delta=39m15s412ms670µs400ns).
2021-12-01 18:12:51.152  WARN 18520 --- [HikariPool-1 housekeeper] com.zaxxer.hikari.pool.HikariPool        : HikariPool-1 - Thread starvation or clock leap detected (housekeeper delta=45m25s13ms188µs100ns).
